{"C:\\Users\\Gonza\\GitHubRepos\\calculator-tdd\\src\\Calculator.jsx": {"path":"C:\\Users\\Gonza\\GitHubRepos\\calculator-tdd\\src\\Calculator.jsx","all":false,"statementMap":{"0":{"start":{"line":1,"column":0},"end":{"line":1,"column":33}},"1":{"start":{"line":2,"column":0},"end":{"line":2,"column":34}},"2":{"start":{"line":3,"column":0},"end":{"line":3,"column":53}},"3":{"start":{"line":4,"column":0},"end":{"line":4,"column":0}},"4":{"start":{"line":5,"column":0},"end":{"line":5,"column":54}},"5":{"start":{"line":6,"column":0},"end":{"line":6,"column":0}},"6":{"start":{"line":7,"column":0},"end":{"line":7,"column":59}},"7":{"start":{"line":8,"column":0},"end":{"line":8,"column":0}},"8":{"start":{"line":9,"column":0},"end":{"line":9,"column":46}},"9":{"start":{"line":10,"column":0},"end":{"line":10,"column":0}},"10":{"start":{"line":11,"column":0},"end":{"line":11,"column":29}},"11":{"start":{"line":12,"column":0},"end":{"line":12,"column":0}},"12":{"start":{"line":13,"column":0},"end":{"line":13,"column":29}},"13":{"start":{"line":14,"column":0},"end":{"line":14,"column":0}},"14":{"start":{"line":15,"column":0},"end":{"line":15,"column":35}},"15":{"start":{"line":16,"column":0},"end":{"line":16,"column":0}},"16":{"start":{"line":17,"column":0},"end":{"line":17,"column":33}},"17":{"start":{"line":18,"column":0},"end":{"line":18,"column":41}},"18":{"start":{"line":19,"column":0},"end":{"line":19,"column":0}},"19":{"start":{"line":20,"column":0},"end":{"line":20,"column":76}},"20":{"start":{"line":21,"column":0},"end":{"line":21,"column":0}},"21":{"start":{"line":22,"column":0},"end":{"line":22,"column":38}},"22":{"start":{"line":23,"column":0},"end":{"line":23,"column":55}},"23":{"start":{"line":24,"column":0},"end":{"line":24,"column":66}},"24":{"start":{"line":25,"column":0},"end":{"line":25,"column":44}},"25":{"start":{"line":26,"column":0},"end":{"line":26,"column":4}},"26":{"start":{"line":27,"column":0},"end":{"line":27,"column":0}},"27":{"start":{"line":28,"column":0},"end":{"line":28,"column":10}},"28":{"start":{"line":29,"column":0},"end":{"line":29,"column":6}},"29":{"start":{"line":30,"column":0},"end":{"line":30,"column":25}},"30":{"start":{"line":31,"column":0},"end":{"line":31,"column":50}},"31":{"start":{"line":32,"column":0},"end":{"line":32,"column":23}},"32":{"start":{"line":33,"column":0},"end":{"line":33,"column":35}},"33":{"start":{"line":34,"column":0},"end":{"line":34,"column":38}},"34":{"start":{"line":35,"column":0},"end":{"line":35,"column":34}},"35":{"start":{"line":36,"column":0},"end":{"line":36,"column":78}},"36":{"start":{"line":37,"column":0},"end":{"line":37,"column":24}},"37":{"start":{"line":38,"column":0},"end":{"line":38,"column":23}},"38":{"start":{"line":39,"column":0},"end":{"line":39,"column":15}},"39":{"start":{"line":40,"column":0},"end":{"line":40,"column":16}},"40":{"start":{"line":41,"column":0},"end":{"line":41,"column":11}},"41":{"start":{"line":42,"column":0},"end":{"line":42,"column":38}},"42":{"start":{"line":43,"column":0},"end":{"line":43,"column":78}},"43":{"start":{"line":44,"column":0},"end":{"line":44,"column":22}},"44":{"start":{"line":45,"column":0},"end":{"line":45,"column":19}},"45":{"start":{"line":46,"column":0},"end":{"line":46,"column":11}},"46":{"start":{"line":47,"column":0},"end":{"line":47,"column":65}},"47":{"start":{"line":48,"column":0},"end":{"line":48,"column":72}},"48":{"start":{"line":49,"column":0},"end":{"line":49,"column":61}},"49":{"start":{"line":50,"column":0},"end":{"line":50,"column":67}},"50":{"start":{"line":51,"column":0},"end":{"line":51,"column":17}},"51":{"start":{"line":52,"column":0},"end":{"line":52,"column":78}},"52":{"start":{"line":53,"column":0},"end":{"line":53,"column":12}},"53":{"start":{"line":54,"column":0},"end":{"line":54,"column":7}},"54":{"start":{"line":55,"column":0},"end":{"line":55,"column":4}},"55":{"start":{"line":56,"column":0},"end":{"line":56,"column":2}}},"s":{"0":1,"1":1,"2":1,"3":1,"4":1,"5":1,"6":1,"7":1,"8":1,"9":1,"10":1,"11":1,"12":1,"13":1,"14":1,"15":1,"16":1,"17":46,"18":46,"19":46,"20":46,"21":46,"22":1,"23":1,"24":1,"25":1,"26":46,"27":46,"28":46,"29":46,"30":46,"31":46,"32":46,"33":46,"34":46,"35":46,"36":46,"37":46,"38":46,"39":46,"40":46,"41":46,"42":46,"43":46,"44":46,"45":46,"46":46,"47":46,"48":46,"49":46,"50":46,"51":46,"52":46,"53":46,"54":46,"55":46},"branchMap":{"0":{"type":"branch","line":5,"loc":{"start":{"line":5,"column":23},"end":{"line":5,"column":24}},"locations":[{"start":{"line":5,"column":23},"end":{"line":5,"column":24}}]},"1":{"type":"branch","line":9,"loc":{"start":{"line":9,"column":25},"end":{"line":9,"column":26}},"locations":[{"start":{"line":9,"column":25},"end":{"line":9,"column":26}}]},"2":{"type":"branch","line":11,"loc":{"start":{"line":11,"column":25},"end":{"line":11,"column":29}},"locations":[{"start":{"line":11,"column":25},"end":{"line":11,"column":29}}]},"3":{"type":"branch","line":13,"loc":{"start":{"line":13,"column":25},"end":{"line":13,"column":29}},"locations":[{"start":{"line":13,"column":25},"end":{"line":13,"column":29}}]},"4":{"type":"branch","line":15,"loc":{"start":{"line":15,"column":30},"end":{"line":15,"column":35}},"locations":[{"start":{"line":15,"column":30},"end":{"line":15,"column":35}}]},"5":{"type":"branch","line":17,"loc":{"start":{"line":17,"column":26},"end":{"line":56,"column":2}},"locations":[{"start":{"line":17,"column":26},"end":{"line":56,"column":2}}]},"6":{"type":"branch","line":20,"loc":{"start":{"line":20,"column":30},"end":{"line":20,"column":52}},"locations":[{"start":{"line":20,"column":30},"end":{"line":20,"column":52}}]},"7":{"type":"branch","line":22,"loc":{"start":{"line":22,"column":31},"end":{"line":26,"column":4}},"locations":[{"start":{"line":22,"column":31},"end":{"line":26,"column":4}}]},"8":{"type":"branch","line":33,"loc":{"start":{"line":33,"column":19},"end":{"line":34,"column":20}},"locations":[{"start":{"line":33,"column":19},"end":{"line":34,"column":20}}]},"9":{"type":"branch","line":35,"loc":{"start":{"line":35,"column":22},"end":{"line":36,"column":22}},"locations":[{"start":{"line":35,"column":22},"end":{"line":36,"column":22}}]},"10":{"type":"branch","line":36,"loc":{"start":{"line":36,"column":31},"end":{"line":36,"column":56}},"locations":[{"start":{"line":36,"column":31},"end":{"line":36,"column":56}}]},"11":{"type":"branch","line":42,"loc":{"start":{"line":42,"column":24},"end":{"line":43,"column":18}},"locations":[{"start":{"line":42,"column":24},"end":{"line":43,"column":18}}]},"12":{"type":"branch","line":43,"loc":{"start":{"line":43,"column":27},"end":{"line":43,"column":52}},"locations":[{"start":{"line":43,"column":27},"end":{"line":43,"column":52}}]},"13":{"type":"branch","line":47,"loc":{"start":{"line":47,"column":25},"end":{"line":47,"column":40}},"locations":[{"start":{"line":47,"column":25},"end":{"line":47,"column":40}}]},"14":{"type":"branch","line":49,"loc":{"start":{"line":49,"column":25},"end":{"line":49,"column":40}},"locations":[{"start":{"line":49,"column":25},"end":{"line":49,"column":40}}]},"15":{"type":"branch","line":52,"loc":{"start":{"line":52,"column":25},"end":{"line":52,"column":40}},"locations":[{"start":{"line":52,"column":25},"end":{"line":52,"column":40}}]},"16":{"type":"branch","line":56,"loc":{"start":{"line":56,"column":1},"end":{"line":56,"column":2}},"locations":[{"start":{"line":56,"column":1},"end":{"line":56,"column":2}}]}},"b":{"0":[5],"1":[3],"2":[3],"3":[2],"4":[1],"5":[46],"6":[25],"7":[1],"8":[184],"9":[460],"10":[18],"11":[184],"12":[7],"13":[1],"14":[1],"15":[2],"16":[16]},"fnMap":{"0":{"name":"get","decl":{"start":{"line":5,"column":23},"end":{"line":5,"column":24}},"loc":{"start":{"line":5,"column":23},"end":{"line":5,"column":24}},"line":5},"1":{"name":"get","decl":{"start":{"line":7,"column":20},"end":{"line":7,"column":21}},"loc":{"start":{"line":7,"column":20},"end":{"line":7,"column":21}},"line":7},"2":{"name":"get","decl":{"start":{"line":9,"column":25},"end":{"line":9,"column":26}},"loc":{"start":{"line":9,"column":25},"end":{"line":9,"column":26}},"line":9},"3":{"name":"get","decl":{"start":{"line":11,"column":25},"end":{"line":11,"column":29}},"loc":{"start":{"line":11,"column":25},"end":{"line":11,"column":29}},"line":11},"4":{"name":"get","decl":{"start":{"line":13,"column":25},"end":{"line":13,"column":29}},"loc":{"start":{"line":13,"column":25},"end":{"line":13,"column":29}},"line":13},"5":{"name":"get","decl":{"start":{"line":15,"column":30},"end":{"line":15,"column":35}},"loc":{"start":{"line":15,"column":30},"end":{"line":15,"column":35}},"line":15},"6":{"name":"Calculator","decl":{"start":{"line":17,"column":26},"end":{"line":56,"column":2}},"loc":{"start":{"line":17,"column":26},"end":{"line":56,"column":2}},"line":17},"7":{"name":"handleClickButtons","decl":{"start":{"line":20,"column":30},"end":{"line":20,"column":52}},"loc":{"start":{"line":20,"column":30},"end":{"line":20,"column":52}},"line":20},"8":{"name":"handleClearEntrySign","decl":{"start":{"line":22,"column":31},"end":{"line":26,"column":4}},"loc":{"start":{"line":22,"column":31},"end":{"line":26,"column":4}},"line":22},"9":{"name":"onClick","decl":{"start":{"line":36,"column":31},"end":{"line":36,"column":56}},"loc":{"start":{"line":36,"column":31},"end":{"line":36,"column":56}},"line":36},"10":{"name":"onClick","decl":{"start":{"line":43,"column":27},"end":{"line":43,"column":52}},"loc":{"start":{"line":43,"column":27},"end":{"line":43,"column":52}},"line":43},"11":{"name":"onClick","decl":{"start":{"line":47,"column":25},"end":{"line":47,"column":40}},"loc":{"start":{"line":47,"column":25},"end":{"line":47,"column":40}},"line":47},"12":{"name":"onClick","decl":{"start":{"line":49,"column":25},"end":{"line":49,"column":40}},"loc":{"start":{"line":49,"column":25},"end":{"line":49,"column":40}},"line":49},"13":{"name":"onClick","decl":{"start":{"line":52,"column":25},"end":{"line":52,"column":40}},"loc":{"start":{"line":52,"column":25},"end":{"line":52,"column":40}},"line":52},"14":{"name":"get","decl":{"start":{"line":56,"column":1},"end":{"line":56,"column":2}},"loc":{"start":{"line":56,"column":1},"end":{"line":56,"column":2}},"line":56}},"f":{"0":5,"1":0,"2":3,"3":3,"4":2,"5":1,"6":46,"7":25,"8":1,"9":18,"10":7,"11":1,"12":1,"13":2,"14":16}}
}
